<?xml version="1.0" encoding="UTF-8"?>
<testng-results skipped="0" failed="0" ignored="0" total="2" passed="2">
  <reporter-output>
  </reporter-output>
  <suite name="Default suite" duration-ms="14559" started-at="2018-02-12T14:07:25Z" finished-at="2018-02-12T14:07:40Z">
    <groups>
    </groups>
    <test name="Default test" duration-ms="14559" started-at="2018-02-12T14:07:25Z" finished-at="2018-02-12T14:07:40Z">
      <class name="com.qa.test.LoginLogsTest">
        <test-method status="PASS" signature="setUp()[pri:0, instance:com.qa.test.LoginLogsTest@4b952a2d]" name="setUp" is-config="true" duration-ms="6663" started-at="2018-02-12T19:37:25Z" finished-at="2018-02-12T19:37:32Z">
          <reporter-output>
          </reporter-output>
        </test-method> <!-- setUp -->
        <test-method status="PASS" signature="freeCrmTitleTest()[pri:1, instance:com.qa.test.LoginLogsTest@4b952a2d]" name="freeCrmTitleTest" duration-ms="61" started-at="2018-02-12T19:37:32Z" finished-at="2018-02-12T19:37:32Z">
          <reporter-output>
          </reporter-output>
        </test-method> <!-- freeCrmTitleTest -->
        <test-method status="PASS" signature="tearDown()[pri:0, instance:com.qa.test.LoginLogsTest@4b952a2d]" name="tearDown" is-config="true" duration-ms="807" started-at="2018-02-12T19:37:32Z" finished-at="2018-02-12T19:37:33Z">
          <reporter-output>
          </reporter-output>
        </test-method> <!-- tearDown -->
        <test-method status="PASS" signature="setUp()[pri:0, instance:com.qa.test.LoginLogsTest@4b952a2d]" name="setUp" is-config="true" duration-ms="5939" started-at="2018-02-12T19:37:33Z" finished-at="2018-02-12T19:37:39Z">
          <reporter-output>
          </reporter-output>
        </test-method> <!-- setUp -->
        <test-method status="PASS" signature="freeCrmLogoTest()[pri:2, instance:com.qa.test.LoginLogsTest@4b952a2d]" name="freeCrmLogoTest" duration-ms="215" started-at="2018-02-12T19:37:39Z" finished-at="2018-02-12T19:37:39Z">
          <reporter-output>
          </reporter-output>
        </test-method> <!-- freeCrmLogoTest -->
        <test-method status="PASS" signature="tearDown()[pri:0, instance:com.qa.test.LoginLogsTest@4b952a2d]" name="tearDown" is-config="true" duration-ms="834" started-at="2018-02-12T19:37:39Z" finished-at="2018-02-12T19:37:40Z">
          <reporter-output>
          </reporter-output>
        </test-method> <!-- tearDown -->
      </class> <!-- com.qa.test.LoginLogsTest -->
    </test> <!-- Default test -->
  </suite> <!-- Default suite -->
</testng-results>
