<?xml version="1.0" encoding="UTF-8"?>
<testng-results skipped="0" failed="0" ignored="0" total="2" passed="2">
  <reporter-output>
  </reporter-output>
  <suite name="Default suite" duration-ms="16371" started-at="2018-02-09T10:37:07Z" finished-at="2018-02-09T10:37:24Z">
    <groups>
      <group name="LogoTest">
        <method signature="GoogleTitleTest.googleLogoTest()[pri:2, instance:com.test.GoogleTitleTest@2bbf4b8b]" name="googleLogoTest" class="com.test.GoogleTitleTest"/>
      </group> <!-- LogoTest -->
      <group name="Title">
        <method signature="GoogleTitleTest.googleTitleTest()[pri:1, instance:com.test.GoogleTitleTest@2bbf4b8b]" name="googleTitleTest" class="com.test.GoogleTitleTest"/>
      </group> <!-- Title -->
    </groups>
    <test name="Default test" duration-ms="16371" started-at="2018-02-09T10:37:07Z" finished-at="2018-02-09T10:37:24Z">
      <class name="com.test.GoogleTitleTest">
        <test-method status="PASS" signature="setUp()[pri:0, instance:com.test.GoogleTitleTest@2bbf4b8b]" name="setUp" is-config="true" duration-ms="7724" started-at="2018-02-09T16:07:07Z" finished-at="2018-02-09T16:07:15Z">
          <reporter-output>
          </reporter-output>
        </test-method> <!-- setUp -->
        <test-method status="PASS" signature="googleTitleTest()[pri:1, instance:com.test.GoogleTitleTest@2bbf4b8b]" name="googleTitleTest" duration-ms="31" started-at="2018-02-09T16:07:15Z" finished-at="2018-02-09T16:07:15Z">
          <reporter-output>
          </reporter-output>
        </test-method> <!-- googleTitleTest -->
        <test-method status="PASS" signature="tearDown()[pri:0, instance:com.test.GoogleTitleTest@2bbf4b8b]" name="tearDown" is-config="true" duration-ms="890" started-at="2018-02-09T16:07:15Z" finished-at="2018-02-09T16:07:16Z">
          <reporter-output>
          </reporter-output>
        </test-method> <!-- tearDown -->
        <test-method status="PASS" signature="setUp()[pri:0, instance:com.test.GoogleTitleTest@2bbf4b8b]" name="setUp" is-config="true" duration-ms="6658" started-at="2018-02-09T16:07:16Z" finished-at="2018-02-09T16:07:23Z">
          <reporter-output>
          </reporter-output>
        </test-method> <!-- setUp -->
        <test-method status="PASS" signature="googleLogoTest()[pri:2, instance:com.test.GoogleTitleTest@2bbf4b8b]" name="googleLogoTest" duration-ms="76" started-at="2018-02-09T16:07:23Z" finished-at="2018-02-09T16:07:23Z">
          <reporter-output>
          </reporter-output>
        </test-method> <!-- googleLogoTest -->
        <test-method status="PASS" signature="tearDown()[pri:0, instance:com.test.GoogleTitleTest@2bbf4b8b]" name="tearDown" is-config="true" duration-ms="936" started-at="2018-02-09T16:07:23Z" finished-at="2018-02-09T16:07:24Z">
          <reporter-output>
          </reporter-output>
        </test-method> <!-- tearDown -->
      </class> <!-- com.test.GoogleTitleTest -->
    </test> <!-- Default test -->
  </suite> <!-- Default suite -->
</testng-results>
