<?xml version="1.0" encoding="UTF-8"?>
<!-- Generated by org.testng.reporters.JUnitXMLReporter -->
<testsuite hostname="DESKTOP-30J0NQQ" ignored="0" name="Different testng Feature Test" tests="15" failures="1" timestamp="10 Feb 2018 16:18:41 GMT" time="0.089" errors="0">
  <testcase name="parTest" time="0.006" classname="com.test.ExceptionTimeOutTest"/>
  <testcase name="sum" time="0.004" classname="com.test.invocationCountTest"/>
  <testcase name="sum" time="0.003" classname="com.test.invocationCountTest"/>
  <testcase name="sum" time="0.003" classname="com.test.invocationCountTest"/>
  <testcase name="sum" time="0.001" classname="com.test.invocationCountTest"/>
  <testcase name="sum" time="0.002" classname="com.test.invocationCountTest"/>
  <testcase name="sum" time="0.003" classname="com.test.invocationCountTest"/>
  <testcase name="sum" time="0.001" classname="com.test.invocationCountTest"/>
  <testcase name="sum" time="0.002" classname="com.test.invocationCountTest"/>
  <testcase name="sum" time="0.004" classname="com.test.invocationCountTest"/>
  <testcase name="sum" time="0.001" classname="com.test.invocationCountTest"/>
  <testcase name="googleTitleTest" time="0.001" classname="com.test.TestNgBasics"/>
  <testcase name="googlelogoTest" time="0.001" classname="com.test.TestNgBasics"/>
  <testcase name="searchTest" time="0.001" classname="com.test.TestNgBasics"/>
  <testcase name="loginTest" time="0.001" classname="com.test.TestNgFeatures">
    <failure type="java.lang.ArithmeticException" message="/ by zero">
      <![CDATA[java.lang.ArithmeticException: / by zeroat com.test.TestNgFeatures.loginTest(TestNgFeatures.java:10)... Removed 25 stack frames]]>
    </failure>
  </testcase> <!-- loginTest -->
</testsuite> <!-- Different testng Feature Test -->
